<?xml version="1.0" encoding="UTF-8"?>
<!-- Generated by org.testng.reporters.JUnitXMLReporter -->
<testsuite ignored="0" hostname="DESKTOP-02L3KP1" failures="0" tests="4" name="Error Validation" time="36.707" errors="0" timestamp="2024-04-23T09:01:57 IST">
  <testcase classname="SeleniumTestNG_F_De.loginPageT" name="testNGTest" time="5.61"/>
  <testcase classname="SeleniumTestNG_F_De.loginPageT" name="testNGTest" time="5.539"/>
  <testcase classname="SeleniumTestNG_F_De.loginPageT" name="verifyProd" time="1.103"/>
  <testcase classname="SeleniumTestNG_F_De.loginPageT" name="verifyProd" time="1.015"/>
</testsuite> <!-- Error Validation -->
