<?xml version="1.0" encoding="UTF-8"?>
<!-- Generated by org.testng.reporters.JUnitXMLReporter -->
<testsuite ignored="0" hostname="DESKTOP-02L3KP1" failures="0" tests="4" name="Error Validation" time="26.428" errors="0" timestamp="2024-04-24T07:14:38 IST">
  <testcase classname="SeleniumTestNG_F_De.loginPageT" name="testNGTest" time="3.284"/>
  <testcase classname="SeleniumTestNG_F_De.loginPageT" name="testNGTest" time="3.869"/>
  <testcase classname="SeleniumTestNG_F_De.loginPageT" name="verifyProd" time="0.848"/>
  <testcase classname="SeleniumTestNG_F_De.loginPageT" name="verifyProd" time="1.132"/>
</testsuite> <!-- Error Validation -->
